[22:00:59] [main/INFO] (FabricLoader/GameProvider) Loading Minecraft 1.19.3 with Fabric Loader 0.14.17
[22:00:59] [main/INFO] (FabricLoader) Loading 51 mods:
	- fabric-api 0.75.1+1.19.3
	- fabric-api-base 0.4.21+70be179c85
	- fabric-api-lookup-api-v1 1.6.20+49abcf7e85
	- fabric-biome-api-v1 12.1.1+b5d379b085
	- fabric-block-api-v1 1.0.5+e022e5d185
	- fabric-blockrenderlayer-v1 1.1.31+928d44d585
	- fabric-client-tags-api-v1 1.0.12+1134c5b885
	- fabric-command-api-v2 2.2.1+3fc4752e85
	- fabric-content-registries-v0 3.5.1+1d37d50285
	- fabric-convention-tags-v1 1.2.2+8e4e694f85
	- fabric-crash-report-info-v1 0.2.14+aeb40ebe85
	- fabric-data-generation-api-v1 11.3.1+40dc7a9485
	- fabric-dimensions-v1 2.1.42+00a2eb1085
	- fabric-entity-events-v1 1.5.7+b83334a085
	- fabric-events-interaction-v0 0.4.40+3baeb27a85
	- fabric-game-rule-api-v1 1.0.30+99f9db8085
	- fabric-gametest-api-v1 1.2.0+2ff127f585
	- fabric-item-api-v1 2.1.10+312c329485
	- fabric-item-group-api-v1 2.1.12+1134c5b885
	- fabric-key-binding-api-v1 1.0.31+bc01e09785
	- fabric-lifecycle-events-v1 2.2.10+23a79c8a85
	- fabric-loot-api-v2 1.1.20+75e9821185
	- fabric-message-api-v1 5.1.0+c85585f885
	- fabric-mining-level-api-v1 2.1.31+49abcf7e85
	- fabric-models-v0 0.3.27+11ba9c3b85
	- fabric-networking-api-v1 1.2.17+4017a8cb85
	- fabric-object-builder-api-v1 5.4.1+eb2a3ba985
	- fabric-particles-v1 1.0.20+f1e4495b85
	- fabric-recipe-api-v1 1.0.1+5176f73d85
	- fabric-registry-sync-v0 2.1.0+f7b4d36485
	- fabric-renderer-api-v1 2.2.2+3a95925a85
	- fabric-renderer-indigo 0.8.0+3a95925a85
	- fabric-rendering-data-attachment-v1 0.3.25+afca2f3e85
	- fabric-rendering-fluids-v1 3.0.18+f1e4495b85
	- fabric-rendering-v1 1.12.1+eb2a3ba985
	- fabric-resource-conditions-api-v1 2.3.0+e63306e085
	- fabric-resource-loader-v0 0.10.5+a91e48b785
	- fabric-screen-api-v1 1.0.41+f1e4495b85
	- fabric-screen-handler-api-v1 1.3.13+99f9db8085
	- fabric-sound-api-v1 1.0.8+75e9821185
	- fabric-transfer-api-v1 2.1.15+ccd377ba85
	- fabric-transitive-access-wideners-v1 2.3.1+40dc7a9485
	- fabricloader 0.14.17
	- java 17
	- minecraft 1.19.3
	- mysticalheart 1.0.0
	- resourcefulconfig 1.1.3
	- resourcefullib 1.2.7
	   \-- com_teamresourceful_yabn 1.0.2
	- spacerevolution 1.0.0
	   \-- team_reborn_energy 2.3.0
[22:01:03] [main/INFO] (FabricLoader/Mixin) SpongePowered MIXIN Subsystem Version=0.8.5 Source=file:/C:/Users/Maxime/.gradle/caches/modules-2/files-2.1/net.fabricmc/sponge-mixin/0.12.4+mixin.0.8.5/e13b4069fe3555969811d4474f78576c707bbe1c/sponge-mixin-0.12.4+mixin.0.8.5.jar Service=Knot/Fabric Env=CLIENT
[22:01:03] [main/INFO] (FabricLoader/Mixin) Loaded Fabric development mappings for mixin remapper!
[22:01:03] [main/INFO] (FabricLoader/Mixin) Compatibility level set to JAVA_16
[22:01:03] [main/INFO] (FabricLoader/Mixin) Compatibility level set to JAVA_17
[22:01:08] [main/INFO] (Minecraft) Building optimized datafixer
[22:01:13] [Render thread/INFO] (Minecraft) Environment: authHost='https://authserver.mojang.com', accountsHost='https://api.mojang.com', sessionHost='https://sessionserver.mojang.com', servicesHost='https://api.minecraftservices.com', name='PROD'
[22:01:13] [Render thread/ERROR] (Minecraft) Failed to verify authentication
com.mojang.authlib.exceptions.InvalidCredentialsException: Status: 401
	at com.mojang.authlib.exceptions.MinecraftClientHttpException.toAuthenticationException(MinecraftClientHttpException.java:56) ~[authlib-3.16.29.jar:?]
	at com.mojang.authlib.yggdrasil.YggdrasilUserApiService.fetchProperties(YggdrasilUserApiService.java:156) ~[authlib-3.16.29.jar:?]
	at com.mojang.authlib.yggdrasil.YggdrasilUserApiService.<init>(YggdrasilUserApiService.java:55) ~[authlib-3.16.29.jar:?]
	at com.mojang.authlib.yggdrasil.YggdrasilAuthenticationService.createUserApiService(YggdrasilAuthenticationService.java:161) ~[authlib-3.16.29.jar:?]
	at net.minecraft.client.MinecraftClient.createUserApiService(MinecraftClient.java:724) ~[minecraft-merged-project-root-1.19.3-net.fabricmc.yarn.1_19_3.1.19.3+build.5-v2.jar:?]
	at net.minecraft.client.MinecraftClient.<init>(MinecraftClient.java:437) ~[minecraft-merged-project-root-1.19.3-net.fabricmc.yarn.1_19_3.1.19.3+build.5-v2.jar:?]
	at net.minecraft.client.main.Main.main(Main.java:205) ~[minecraft-merged-project-root-1.19.3-net.fabricmc.yarn.1_19_3.1.19.3+build.5-v2.jar:?]
	at net.minecraft.client.main.Main.main(Main.java:51) ~[minecraft-merged-project-root-1.19.3-net.fabricmc.yarn.1_19_3.1.19.3+build.5-v2.jar:?]
	at net.fabricmc.loader.impl.game.minecraft.MinecraftGameProvider.launch(MinecraftGameProvider.java:462) ~[fabric-loader-0.14.17.jar:?]
	at net.fabricmc.loader.impl.launch.knot.Knot.launch(Knot.java:74) ~[fabric-loader-0.14.17.jar:?]
	at net.fabricmc.loader.impl.launch.knot.KnotClient.main(KnotClient.java:23) ~[fabric-loader-0.14.17.jar:?]
	at net.fabricmc.devlaunchinjector.Main.main(Main.java:86) ~[dev-launch-injector-0.2.1+build.8.jar:?]
Caused by: com.mojang.authlib.exceptions.MinecraftClientHttpException: Status: 401
	at com.mojang.authlib.minecraft.client.MinecraftClient.readInputStream(MinecraftClient.java:87) ~[authlib-3.16.29.jar:?]
	at com.mojang.authlib.minecraft.client.MinecraftClient.get(MinecraftClient.java:48) ~[authlib-3.16.29.jar:?]
	at com.mojang.authlib.yggdrasil.YggdrasilUserApiService.fetchProperties(YggdrasilUserApiService.java:129) ~[authlib-3.16.29.jar:?]
	... 10 more
[22:01:13] [Render thread/INFO] (Minecraft) Setting user: Player326
[22:01:14] [Render thread/INFO] (Indigo) [Indigo] Registering Indigo renderer!
[22:01:16] [Render thread/INFO] (Minecraft) Backend library: LWJGL version 3.3.1 SNAPSHOT
[22:01:20] [Render thread/INFO] (Minecraft) Narrator library for x64 successfully loaded
[22:01:20] [Render thread/INFO] (Minecraft) Reloading ResourceManager: vanilla, Fabric Mods (Fabric Models (v0), Fabric Renderer - Indigo, Fabric API, MysticalHeart, Fabric Key Binding API (v1), Fabric Transitive Access Wideners (v1), Fabric Item Group API (v1), Fabric Resource Loader (v0), Fabric Mining Level API (v1), Fabric Client Tags, Fabric API Base, Fabric API Lookup API (v1), Fabric Game Rule API (v1), Fabric Crash Report Info (v1), Fabric Lifecycle Events (v1), Fabric Content Registries (v0), Fabric Object Builder API (v1), SpaceRevolution, Fabric Screen Handler API (v1), Fabric Loot API (v2), Fabric Message API (v1), Fabric Rendering (v1), Fabric Command API (v2), Fabric Renderer API (v1), Fabric Rendering Data Attachment (v1), Fabric Transfer API (v1), Fabric Rendering Fluids (v1), Fabric Registry Sync (v0), Fabric Item API (v1), Fabric Game Test API (v1), Fabric Particles (v1), Fabric Dimensions API (v1), Fabric Block API (v1), Fabric Data Generation API (v1), Fabric Convention Tags, Fabric Events Interaction (v0), Fabric BlockRenderLayer Registration (v1), Fabric Sound API (v1), Fabric Recipe API (v1), Fabric Entity Events (v1), Fabric Screen API (v1), Fabric Resource Conditions API (v1), Energy, Fabric Biome API (v1), Fabric Loader, Fabric Networking API (v1))
[22:01:21] [Realms Notification Availability checker #1/INFO] (Minecraft) Could not authorize you against Realms server: Invalid session id
[22:01:22] [Render thread/WARN] (Minecraft) Missing sound for event: minecraft:item.goat_horn.play
[22:01:22] [Render thread/WARN] (Minecraft) Missing sound for event: minecraft:entity.goat.screaming.horn_break
[22:01:23] [Render thread/INFO] (Minecraft) OpenAL initialized on device OpenAL Soft on Haut-parleurs (Logitech PRO X Gaming Headset)
[22:01:23] [Render thread/INFO] (Minecraft) Sound engine started
[22:01:23] [Render thread/INFO] (Minecraft) Created: 1024x1024x4 minecraft:textures/atlas/blocks.png-atlas
[22:01:23] [Render thread/INFO] (Minecraft) Created: 512x256x4 minecraft:textures/atlas/signs.png-atlas
[22:01:23] [Render thread/INFO] (Minecraft) Created: 1024x512x4 minecraft:textures/atlas/banner_patterns.png-atlas
[22:01:23] [Render thread/INFO] (Minecraft) Created: 1024x512x4 minecraft:textures/atlas/shield_patterns.png-atlas
[22:01:23] [Render thread/INFO] (Minecraft) Created: 256x256x4 minecraft:textures/atlas/chest.png-atlas
[22:01:23] [Render thread/INFO] (Minecraft) Created: 512x256x4 minecraft:textures/atlas/shulker_boxes.png-atlas
[22:01:23] [Render thread/INFO] (Minecraft) Created: 512x256x4 minecraft:textures/atlas/beds.png-atlas
[22:01:24] [Render thread/WARN] (Minecraft) Shader rendertype_entity_translucent_emissive could not find sampler named Sampler2 in the specified shader program.
[22:01:24] [Render thread/INFO] (Minecraft) Created: 512x256x0 minecraft:textures/atlas/particles.png-atlas
[22:01:24] [Render thread/INFO] (Minecraft) Created: 256x256x0 minecraft:textures/atlas/paintings.png-atlas
[22:01:24] [Render thread/INFO] (Minecraft) Created: 256x128x0 minecraft:textures/atlas/mob_effects.png-atlas
[22:01:31] [Worker-Bootstrap-13/INFO] (Minecraft) 4445 Datafixer optimizations took 22522 milliseconds
[22:01:51] [Render thread/INFO] (Minecraft) Loaded 8 recipes
[22:01:51] [Render thread/INFO] (Minecraft) Loaded 1179 advancements
[22:02:00] [Render thread/INFO] (Minecraft) Loaded 8 recipes
[22:02:00] [Render thread/INFO] (Minecraft) Loaded 1179 advancements
[22:02:06] [Render thread/INFO] (BiomeModificationImpl) Applied 0 biome modifications to 0 of 83 new biomes in 1.973 ms
[22:02:06] [Server thread/INFO] (Minecraft) Starting integrated minecraft server version 1.19.3
[22:02:06] [Server thread/INFO] (Minecraft) Generating keypair
[22:02:09] [Server thread/INFO] (Minecraft) Preparing start region for dimension minecraft:overworld
[22:02:09] [Render thread/INFO] (Minecraft) Preparing spawn area: 0%
[22:02:09] [Render thread/INFO] (Minecraft) Preparing spawn area: 0%
[22:02:10] [Render thread/INFO] (Minecraft) Preparing spawn area: 0%
[22:02:10] [Render thread/INFO] (Minecraft) Preparing spawn area: 0%
[22:02:11] [Render thread/INFO] (Minecraft) Preparing spawn area: 3%
[22:02:11] [Render thread/INFO] (Minecraft) Preparing spawn area: 4%
[22:02:12] [Render thread/INFO] (Minecraft) Preparing spawn area: 6%
[22:02:13] [Render thread/INFO] (Minecraft) Preparing spawn area: 6%
[22:02:13] [Render thread/INFO] (Minecraft) Preparing spawn area: 7%
[22:02:13] [Render thread/INFO] (Minecraft) Preparing spawn area: 10%
[22:02:14] [Render thread/INFO] (Minecraft) Preparing spawn area: 15%
[22:02:14] [Render thread/INFO] (Minecraft) Preparing spawn area: 17%
[22:02:15] [Render thread/INFO] (Minecraft) Preparing spawn area: 23%
[22:02:15] [Render thread/INFO] (Minecraft) Preparing spawn area: 26%
[22:02:16] [Render thread/INFO] (Minecraft) Preparing spawn area: 32%
[22:02:16] [Render thread/INFO] (Minecraft) Preparing spawn area: 35%
[22:02:17] [Render thread/INFO] (Minecraft) Preparing spawn area: 42%
[22:02:17] [Render thread/INFO] (Minecraft) Preparing spawn area: 45%
[22:02:18] [Render thread/INFO] (Minecraft) Preparing spawn area: 51%
[22:02:18] [Render thread/INFO] (Minecraft) Preparing spawn area: 55%
[22:02:19] [Render thread/INFO] (Minecraft) Preparing spawn area: 60%
[22:02:19] [Render thread/INFO] (Minecraft) Preparing spawn area: 66%
[22:02:20] [Render thread/INFO] (Minecraft) Preparing spawn area: 70%
[22:02:20] [Render thread/INFO] (Minecraft) Preparing spawn area: 73%
[22:02:21] [Render thread/INFO] (Minecraft) Preparing spawn area: 81%
[22:02:21] [Render thread/INFO] (Minecraft) Preparing spawn area: 85%
[22:02:22] [Render thread/INFO] (Minecraft) Preparing spawn area: 90%
[22:02:22] [Render thread/INFO] (Minecraft) Preparing spawn area: 95%
[22:02:22] [Render thread/INFO] (Minecraft) Time elapsed: 13673 ms
[22:02:22] [Server thread/INFO] (Minecraft) Changing view distance to 12, from 10
[22:02:22] [Server thread/INFO] (Minecraft) Changing simulation distance to 12, from 0
[22:02:23] [Server thread/INFO] (Minecraft) Player326[local:E:d08388cd] logged in with entity id 217 at (26.5, 68.0, -56.5)
[22:02:23] [Server thread/INFO] (Minecraft) Player326 joined the game
[22:02:24] [Render thread/INFO] (Minecraft) Loaded 0 advancements
[22:02:43] [Server thread/INFO] (Minecraft) [Player326: Set own game mode to Creative Mode]
[22:02:43] [Render thread/INFO] (Minecraft) [System] [CHAT] Set own game mode to Creative Mode
[22:03:17] [Server thread/INFO] (Minecraft) Saving and pausing game...
[22:03:17] [Server thread/INFO] (Minecraft) Saving chunks for level 'ServerLevel[New World]'/minecraft:overworld
[22:03:17] [Server thread/INFO] (Minecraft) Saving chunks for level 'ServerLevel[New World]'/spacerevolution:mars
[22:03:17] [Server thread/INFO] (Minecraft) Saving chunks for level 'ServerLevel[New World]'/spacerevolution:jupiter_orbit
[22:03:17] [Server thread/INFO] (Minecraft) Saving chunks for level 'ServerLevel[New World]'/spacerevolution:moon
[22:03:17] [Server thread/INFO] (Minecraft) Saving chunks for level 'ServerLevel[New World]'/spacerevolution:jupiter
[22:03:17] [Server thread/INFO] (Minecraft) Saving chunks for level 'ServerLevel[New World]'/spacerevolution:mercury_orbit
[22:03:17] [Server thread/INFO] (Minecraft) Saving chunks for level 'ServerLevel[New World]'/minecraft:the_end
[22:03:17] [Server thread/INFO] (Minecraft) Saving chunks for level 'ServerLevel[New World]'/minecraft:the_nether
[22:03:17] [Server thread/INFO] (Minecraft) Saving chunks for level 'ServerLevel[New World]'/spacerevolution:neptune
[22:03:17] [Server thread/INFO] (Minecraft) Saving chunks for level 'ServerLevel[New World]'/spacerevolution:saturn_orbit
[22:03:17] [Server thread/INFO] (Minecraft) Saving chunks for level 'ServerLevel[New World]'/spacerevolution:saturn
[22:03:17] [Server thread/INFO] (Minecraft) Saving chunks for level 'ServerLevel[New World]'/spacerevolution:venus_orbit
[22:03:17] [Server thread/INFO] (Minecraft) Saving chunks for level 'ServerLevel[New World]'/spacerevolution:neptune_orbit
[22:03:17] [Server thread/INFO] (Minecraft) Saving chunks for level 'ServerLevel[New World]'/spacerevolution:pluto
[22:03:17] [Server thread/INFO] (Minecraft) Saving chunks for level 'ServerLevel[New World]'/spacerevolution:asteroids
[22:03:17] [Server thread/INFO] (Minecraft) Saving chunks for level 'ServerLevel[New World]'/spacerevolution:mars_orbit
[22:03:17] [Server thread/INFO] (Minecraft) Saving chunks for level 'ServerLevel[New World]'/spacerevolution:moon_orbit
[22:03:17] [Server thread/INFO] (Minecraft) Saving chunks for level 'ServerLevel[New World]'/spacerevolution:pluto_orbit
[22:03:17] [Server thread/INFO] (Minecraft) Saving chunks for level 'ServerLevel[New World]'/spacerevolution:uranus
[22:03:17] [Server thread/INFO] (Minecraft) Saving chunks for level 'ServerLevel[New World]'/spacerevolution:venus
[22:03:17] [Server thread/INFO] (Minecraft) Saving chunks for level 'ServerLevel[New World]'/spacerevolution:mercury
[22:03:17] [Server thread/INFO] (Minecraft) Saving chunks for level 'ServerLevel[New World]'/spacerevolution:uranus_orbit
[22:03:17] [Server thread/INFO] (Minecraft) Saving chunks for level 'ServerLevel[New World]'/spacerevolution:earth_orbit
[22:04:35] [Server thread/INFO] (Minecraft) [Player326: Set own game mode to Survival Mode]
[22:04:35] [Render thread/INFO] (Minecraft) [System] [CHAT] Set own game mode to Survival Mode
[22:05:00] [Render thread/INFO] (Minecraft) Loaded 23 advancements
[22:05:01] [Render thread/INFO] (Minecraft) Loaded 27 advancements
[22:05:01] [Render thread/INFO] (Minecraft) Loaded 46 advancements
[22:05:01] [Render thread/INFO] (Minecraft) Loaded 53 advancements
[22:06:47] [Server thread/INFO] (Minecraft) [Player326: Summoned new entity.spacerevolution.asteroid]
[22:06:47] [Render thread/INFO] (Minecraft) [System] [CHAT] Summoned new entity.spacerevolution.asteroid
[22:06:49] [Server thread/WARN] (Minecraft) Can't keep up! Is the server overloaded? Running 2038ms or 40 ticks behind
[22:06:51] [Server thread/INFO] (Minecraft) Player326 tried to swim in lava
[22:06:51] [Render thread/INFO] (Minecraft) [System] [CHAT] Player326 tried to swim in lava
[22:07:08] [Server thread/INFO] (Minecraft) Saving and pausing game...
[22:07:08] [Server thread/INFO] (Minecraft) Saving chunks for level 'ServerLevel[New World]'/minecraft:overworld
[22:07:08] [Server thread/INFO] (Minecraft) Saving chunks for level 'ServerLevel[New World]'/spacerevolution:mars
[22:07:08] [Server thread/INFO] (Minecraft) Saving chunks for level 'ServerLevel[New World]'/spacerevolution:jupiter_orbit
[22:07:08] [Server thread/INFO] (Minecraft) Saving chunks for level 'ServerLevel[New World]'/spacerevolution:moon
[22:07:08] [Server thread/INFO] (Minecraft) Saving chunks for level 'ServerLevel[New World]'/spacerevolution:jupiter
[22:07:08] [Server thread/INFO] (Minecraft) Saving chunks for level 'ServerLevel[New World]'/spacerevolution:mercury_orbit
[22:07:08] [Server thread/INFO] (Minecraft) Saving chunks for level 'ServerLevel[New World]'/minecraft:the_end
[22:07:08] [Server thread/INFO] (Minecraft) Saving chunks for level 'ServerLevel[New World]'/minecraft:the_nether
[22:07:08] [Server thread/INFO] (Minecraft) Saving chunks for level 'ServerLevel[New World]'/spacerevolution:neptune
[22:07:08] [Server thread/INFO] (Minecraft) Saving chunks for level 'ServerLevel[New World]'/spacerevolution:saturn_orbit
[22:07:08] [Server thread/INFO] (Minecraft) Saving chunks for level 'ServerLevel[New World]'/spacerevolution:saturn
[22:07:08] [Server thread/INFO] (Minecraft) Saving chunks for level 'ServerLevel[New World]'/spacerevolution:venus_orbit
[22:07:08] [Server thread/INFO] (Minecraft) Saving chunks for level 'ServerLevel[New World]'/spacerevolution:neptune_orbit
[22:07:08] [Server thread/INFO] (Minecraft) Saving chunks for level 'ServerLevel[New World]'/spacerevolution:pluto
[22:07:08] [Server thread/INFO] (Minecraft) Saving chunks for level 'ServerLevel[New World]'/spacerevolution:asteroids
[22:07:08] [Server thread/INFO] (Minecraft) Saving chunks for level 'ServerLevel[New World]'/spacerevolution:mars_orbit
[22:07:08] [Server thread/INFO] (Minecraft) Saving chunks for level 'ServerLevel[New World]'/spacerevolution:moon_orbit
[22:07:08] [Server thread/INFO] (Minecraft) Saving chunks for level 'ServerLevel[New World]'/spacerevolution:pluto_orbit
[22:07:08] [Server thread/INFO] (Minecraft) Saving chunks for level 'ServerLevel[New World]'/spacerevolution:uranus
[22:07:08] [Server thread/INFO] (Minecraft) Saving chunks for level 'ServerLevel[New World]'/spacerevolution:venus
[22:07:08] [Server thread/INFO] (Minecraft) Saving chunks for level 'ServerLevel[New World]'/spacerevolution:mercury
[22:07:08] [Server thread/INFO] (Minecraft) Saving chunks for level 'ServerLevel[New World]'/spacerevolution:uranus_orbit
[22:07:08] [Server thread/INFO] (Minecraft) Saving chunks for level 'ServerLevel[New World]'/spacerevolution:earth_orbit
[22:08:03] [Server thread/INFO] (Minecraft) [Player326: Set own game mode to Creative Mode]
[22:08:03] [Render thread/INFO] (Minecraft) [System] [CHAT] Set own game mode to Creative Mode
[22:08:08] [Server thread/INFO] (Minecraft) Saving and pausing game...
[22:08:08] [Server thread/INFO] (Minecraft) Saving chunks for level 'ServerLevel[New World]'/minecraft:overworld
[22:08:08] [Server thread/INFO] (Minecraft) Saving chunks for level 'ServerLevel[New World]'/spacerevolution:mars
[22:08:08] [Server thread/INFO] (Minecraft) Saving chunks for level 'ServerLevel[New World]'/spacerevolution:jupiter_orbit
[22:08:08] [Server thread/INFO] (Minecraft) Saving chunks for level 'ServerLevel[New World]'/spacerevolution:moon
[22:08:08] [Server thread/INFO] (Minecraft) Saving chunks for level 'ServerLevel[New World]'/spacerevolution:jupiter
[22:08:08] [Server thread/INFO] (Minecraft) Saving chunks for level 'ServerLevel[New World]'/spacerevolution:mercury_orbit
[22:08:08] [Server thread/INFO] (Minecraft) Saving chunks for level 'ServerLevel[New World]'/minecraft:the_end
[22:08:08] [Server thread/INFO] (Minecraft) Saving chunks for level 'ServerLevel[New World]'/minecraft:the_nether
[22:08:08] [Server thread/INFO] (Minecraft) Saving chunks for level 'ServerLevel[New World]'/spacerevolution:neptune
[22:08:08] [Server thread/INFO] (Minecraft) Saving chunks for level 'ServerLevel[New World]'/spacerevolution:saturn_orbit
[22:08:08] [Server thread/INFO] (Minecraft) Saving chunks for level 'ServerLevel[New World]'/spacerevolution:saturn
[22:08:08] [Server thread/INFO] (Minecraft) Saving chunks for level 'ServerLevel[New World]'/spacerevolution:venus_orbit
[22:08:08] [Server thread/INFO] (Minecraft) Saving chunks for level 'ServerLevel[New World]'/spacerevolution:neptune_orbit
[22:08:08] [Server thread/INFO] (Minecraft) Saving chunks for level 'ServerLevel[New World]'/spacerevolution:pluto
[22:08:08] [Server thread/INFO] (Minecraft) Saving chunks for level 'ServerLevel[New World]'/spacerevolution:asteroids
[22:08:08] [Server thread/INFO] (Minecraft) Saving chunks for level 'ServerLevel[New World]'/spacerevolution:mars_orbit
[22:08:08] [Server thread/INFO] (Minecraft) Saving chunks for level 'ServerLevel[New World]'/spacerevolution:moon_orbit
[22:08:08] [Server thread/INFO] (Minecraft) Saving chunks for level 'ServerLevel[New World]'/spacerevolution:pluto_orbit
[22:08:08] [Server thread/INFO] (Minecraft) Saving chunks for level 'ServerLevel[New World]'/spacerevolution:uranus
[22:08:08] [Server thread/INFO] (Minecraft) Saving chunks for level 'ServerLevel[New World]'/spacerevolution:venus
[22:08:08] [Server thread/INFO] (Minecraft) Saving chunks for level 'ServerLevel[New World]'/spacerevolution:mercury
[22:08:08] [Server thread/INFO] (Minecraft) Saving chunks for level 'ServerLevel[New World]'/spacerevolution:uranus_orbit
[22:08:08] [Server thread/INFO] (Minecraft) Saving chunks for level 'ServerLevel[New World]'/spacerevolution:earth_orbit
[22:09:55] [Server thread/INFO] (Minecraft) Saving and pausing game...
[22:09:55] [Server thread/INFO] (Minecraft) Saving chunks for level 'ServerLevel[New World]'/minecraft:overworld
[22:09:55] [Server thread/INFO] (Minecraft) Saving chunks for level 'ServerLevel[New World]'/spacerevolution:mars
[22:09:55] [Server thread/INFO] (Minecraft) Saving chunks for level 'ServerLevel[New World]'/spacerevolution:jupiter_orbit
[22:09:55] [Server thread/INFO] (Minecraft) Saving chunks for level 'ServerLevel[New World]'/spacerevolution:moon
[22:09:55] [Server thread/INFO] (Minecraft) Saving chunks for level 'ServerLevel[New World]'/spacerevolution:jupiter
[22:09:55] [Server thread/INFO] (Minecraft) Saving chunks for level 'ServerLevel[New World]'/spacerevolution:mercury_orbit
[22:09:55] [Server thread/INFO] (Minecraft) Saving chunks for level 'ServerLevel[New World]'/minecraft:the_end
[22:09:55] [Server thread/INFO] (Minecraft) Saving chunks for level 'ServerLevel[New World]'/minecraft:the_nether
[22:09:55] [Server thread/INFO] (Minecraft) Saving chunks for level 'ServerLevel[New World]'/spacerevolution:neptune
[22:09:55] [Server thread/INFO] (Minecraft) Saving chunks for level 'ServerLevel[New World]'/spacerevolution:saturn_orbit
[22:09:55] [Server thread/INFO] (Minecraft) Saving chunks for level 'ServerLevel[New World]'/spacerevolution:saturn
[22:09:55] [Server thread/INFO] (Minecraft) Saving chunks for level 'ServerLevel[New World]'/spacerevolution:venus_orbit
[22:09:55] [Server thread/INFO] (Minecraft) Saving chunks for level 'ServerLevel[New World]'/spacerevolution:neptune_orbit
[22:09:55] [Server thread/INFO] (Minecraft) Saving chunks for level 'ServerLevel[New World]'/spacerevolution:pluto
[22:09:55] [Server thread/INFO] (Minecraft) Saving chunks for level 'ServerLevel[New World]'/spacerevolution:asteroids
[22:09:55] [Server thread/INFO] (Minecraft) Saving chunks for level 'ServerLevel[New World]'/spacerevolution:mars_orbit
[22:09:55] [Server thread/INFO] (Minecraft) Saving chunks for level 'ServerLevel[New World]'/spacerevolution:moon_orbit
[22:09:55] [Server thread/INFO] (Minecraft) Saving chunks for level 'ServerLevel[New World]'/spacerevolution:pluto_orbit
[22:09:55] [Server thread/INFO] (Minecraft) Saving chunks for level 'ServerLevel[New World]'/spacerevolution:uranus
[22:09:55] [Server thread/INFO] (Minecraft) Saving chunks for level 'ServerLevel[New World]'/spacerevolution:venus
[22:09:55] [Server thread/INFO] (Minecraft) Saving chunks for level 'ServerLevel[New World]'/spacerevolution:mercury
[22:09:55] [Server thread/INFO] (Minecraft) Saving chunks for level 'ServerLevel[New World]'/spacerevolution:uranus_orbit
[22:09:55] [Server thread/INFO] (Minecraft) Saving chunks for level 'ServerLevel[New World]'/spacerevolution:earth_orbit
[22:15:57] [Server thread/INFO] (Minecraft) [Player326: Summoned new entity.spacerevolution.asteroid]
[22:15:57] [Render thread/INFO] (Minecraft) [System] [CHAT] Summoned new entity.spacerevolution.asteroid
[22:15:59] [Server thread/INFO] (Minecraft) [Player326: Summoned new entity.spacerevolution.asteroid]
[22:15:59] [Render thread/INFO] (Minecraft) [System] [CHAT] Summoned new entity.spacerevolution.asteroid
[22:16:00] [Server thread/INFO] (Minecraft) [Player326: Summoned new entity.spacerevolution.asteroid]
[22:16:00] [Render thread/INFO] (Minecraft) [System] [CHAT] Summoned new entity.spacerevolution.asteroid
[22:16:00] [Server thread/INFO] (Minecraft) [Player326: Summoned new entity.spacerevolution.asteroid]
[22:16:00] [Render thread/INFO] (Minecraft) [System] [CHAT] Summoned new entity.spacerevolution.asteroid
[22:16:00] [Server thread/INFO] (Minecraft) [Player326: Summoned new entity.spacerevolution.asteroid]
[22:16:00] [Render thread/INFO] (Minecraft) [System] [CHAT] Summoned new entity.spacerevolution.asteroid
[22:16:05] [Server thread/INFO] (Minecraft) [Player326: Summoned new entity.spacerevolution.asteroid]
[22:16:05] [Render thread/INFO] (Minecraft) [System] [CHAT] Summoned new entity.spacerevolution.asteroid
[22:16:11] [Server thread/INFO] (Minecraft) [Player326: Summoned new entity.spacerevolution.asteroid]
[22:16:11] [Render thread/INFO] (Minecraft) [System] [CHAT] Summoned new entity.spacerevolution.asteroid
[22:16:22] [Render thread/INFO] (Minecraft) Loaded 53 advancements
[22:16:28] [Render thread/INFO] (Minecraft) Loaded 53 advancements
[22:16:33] [Server thread/INFO] (Minecraft) [Player326: Summoned new entity.spacerevolution.asteroid]
[22:16:33] [Render thread/INFO] (Minecraft) [System] [CHAT] Summoned new entity.spacerevolution.asteroid
[22:16:40] [Render thread/INFO] (Minecraft) Loaded 53 advancements
[22:16:48] [Render thread/INFO] (Minecraft) [System] [CHAT] [Debug]: Hitboxes: shown
[22:17:04] [Render thread/INFO] (Minecraft) Loaded 53 advancements
[22:19:40] [Render thread/INFO] (Minecraft) [System] [CHAT] warnings.spacerevolution.asteroid_incoming
[22:33:14] [Render thread/INFO] (Minecraft) Stopping!
[22:33:14] [Server thread/INFO] (Minecraft) Player326 lost connection: Disconnected
[22:33:14] [Server thread/INFO] (Minecraft) Player326 left the game
[22:33:14] [Server thread/INFO] (Minecraft) Stopping singleplayer server as player logged out
[22:33:14] [Server thread/INFO] (Minecraft) Stopping server
[22:33:14] [Server thread/INFO] (Minecraft) Saving players
[22:33:14] [Server thread/INFO] (Minecraft) Saving worlds
[22:33:16] [Server thread/INFO] (Minecraft) Saving chunks for level 'ServerLevel[New World]'/minecraft:overworld
[22:33:16] [Server thread/INFO] (Minecraft) Saving chunks for level 'ServerLevel[New World]'/spacerevolution:mars
[22:33:16] [Server thread/INFO] (Minecraft) Saving chunks for level 'ServerLevel[New World]'/spacerevolution:jupiter_orbit
[22:33:16] [Server thread/INFO] (Minecraft) Saving chunks for level 'ServerLevel[New World]'/spacerevolution:moon
[22:33:16] [Server thread/INFO] (Minecraft) Saving chunks for level 'ServerLevel[New World]'/spacerevolution:jupiter
[22:33:16] [Server thread/INFO] (Minecraft) Saving chunks for level 'ServerLevel[New World]'/spacerevolution:mercury_orbit
[22:33:16] [Server thread/INFO] (Minecraft) Saving chunks for level 'ServerLevel[New World]'/minecraft:the_end
[22:33:16] [Server thread/INFO] (Minecraft) Saving chunks for level 'ServerLevel[New World]'/minecraft:the_nether
[22:33:16] [Server thread/INFO] (Minecraft) Saving chunks for level 'ServerLevel[New World]'/spacerevolution:neptune
[22:33:16] [Server thread/INFO] (Minecraft) Saving chunks for level 'ServerLevel[New World]'/spacerevolution:saturn_orbit
[22:33:16] [Server thread/INFO] (Minecraft) Saving chunks for level 'ServerLevel[New World]'/spacerevolution:saturn
[22:33:16] [Server thread/INFO] (Minecraft) Saving chunks for level 'ServerLevel[New World]'/spacerevolution:venus_orbit
[22:33:16] [Server thread/INFO] (Minecraft) Saving chunks for level 'ServerLevel[New World]'/spacerevolution:neptune_orbit
[22:33:16] [Server thread/INFO] (Minecraft) Saving chunks for level 'ServerLevel[New World]'/spacerevolution:pluto
[22:33:16] [Server thread/INFO] (Minecraft) Saving chunks for level 'ServerLevel[New World]'/spacerevolution:asteroids
[22:33:16] [Server thread/INFO] (Minecraft) Saving chunks for level 'ServerLevel[New World]'/spacerevolution:mars_orbit
[22:33:16] [Server thread/INFO] (Minecraft) Saving chunks for level 'ServerLevel[New World]'/spacerevolution:moon_orbit
[22:33:16] [Server thread/INFO] (Minecraft) Saving chunks for level 'ServerLevel[New World]'/spacerevolution:pluto_orbit
[22:33:16] [Server thread/INFO] (Minecraft) Saving chunks for level 'ServerLevel[New World]'/spacerevolution:uranus
[22:33:16] [Server thread/INFO] (Minecraft) Saving chunks for level 'ServerLevel[New World]'/spacerevolution:venus
[22:33:16] [Server thread/INFO] (Minecraft) Saving chunks for level 'ServerLevel[New World]'/spacerevolution:mercury
[22:33:16] [Server thread/INFO] (Minecraft) Saving chunks for level 'ServerLevel[New World]'/spacerevolution:uranus_orbit
[22:33:16] [Server thread/INFO] (Minecraft) Saving chunks for level 'ServerLevel[New World]'/spacerevolution:earth_orbit
[22:33:16] [Server thread/INFO] (Minecraft) ThreadedAnvilChunkStorage (New World (1)): All chunks are saved
[22:33:16] [Server thread/INFO] (Minecraft) ThreadedAnvilChunkStorage (mars): All chunks are saved
[22:33:16] [Server thread/INFO] (Minecraft) ThreadedAnvilChunkStorage (jupiter_orbit): All chunks are saved
[22:33:16] [Server thread/INFO] (Minecraft) ThreadedAnvilChunkStorage (moon): All chunks are saved
[22:33:16] [Server thread/INFO] (Minecraft) ThreadedAnvilChunkStorage (jupiter): All chunks are saved
[22:33:16] [Server thread/INFO] (Minecraft) ThreadedAnvilChunkStorage (mercury_orbit): All chunks are saved
[22:33:16] [Server thread/INFO] (Minecraft) ThreadedAnvilChunkStorage (DIM1): All chunks are saved
[22:33:16] [Server thread/INFO] (Minecraft) ThreadedAnvilChunkStorage (DIM-1): All chunks are saved
[22:33:16] [Server thread/INFO] (Minecraft) ThreadedAnvilChunkStorage (neptune): All chunks are saved
[22:33:16] [Server thread/INFO] (Minecraft) ThreadedAnvilChunkStorage (saturn_orbit): All chunks are saved
[22:33:16] [Server thread/INFO] (Minecraft) ThreadedAnvilChunkStorage (saturn): All chunks are saved
[22:33:16] [Server thread/INFO] (Minecraft) ThreadedAnvilChunkStorage (venus_orbit): All chunks are saved
[22:33:16] [Server thread/INFO] (Minecraft) ThreadedAnvilChunkStorage (neptune_orbit): All chunks are saved
[22:33:16] [Server thread/INFO] (Minecraft) ThreadedAnvilChunkStorage (pluto): All chunks are saved
[22:33:16] [Server thread/INFO] (Minecraft) ThreadedAnvilChunkStorage (asteroids): All chunks are saved
[22:33:16] [Server thread/INFO] (Minecraft) ThreadedAnvilChunkStorage (mars_orbit): All chunks are saved
[22:33:16] [Server thread/INFO] (Minecraft) ThreadedAnvilChunkStorage (moon_orbit): All chunks are saved
[22:33:16] [Server thread/INFO] (Minecraft) ThreadedAnvilChunkStorage (pluto_orbit): All chunks are saved
[22:33:16] [Server thread/INFO] (Minecraft) ThreadedAnvilChunkStorage (uranus): All chunks are saved
[22:33:16] [Server thread/INFO] (Minecraft) ThreadedAnvilChunkStorage (venus): All chunks are saved
[22:33:16] [Server thread/INFO] (Minecraft) ThreadedAnvilChunkStorage (mercury): All chunks are saved
[22:33:16] [Server thread/INFO] (Minecraft) ThreadedAnvilChunkStorage (uranus_orbit): All chunks are saved
[22:33:16] [Server thread/INFO] (Minecraft) ThreadedAnvilChunkStorage (earth_orbit): All chunks are saved
[22:33:16] [Server thread/INFO] (Minecraft) ThreadedAnvilChunkStorage: All dimensions are saved
